C:\USERS\USER\DESKTOP\AFEKA\שנה ג\סמסטר א\NET\PROJECTSNET\HW2_LIRANNAGAR\DEBUG\HW2_LIRANNAGAR.EXE
C:\USERS\USER\DESKTOP\AFEKA\שנה ג\סמסטר א\NET\PROJECTSNET\HW2_LIRANNAGAR\DEBUG\HW2_LIRANNAGAR.ILK
C:\USERS\USER\DESKTOP\AFEKA\שנה ג\סמסטר א\NET\PROJECTSNET\HW2_LIRANNAGAR\DEBUG\HW2_LIRANNAGAR.PDB
C:\USERS\USER\DESKTOP\AFEKA\שנה ג\סמסטר א\NET\PROJECTSNET\HW2_LIRANNAGAR\HW2_LIRANNAGAR\DEBUG\HW2_LIRANNAGAR.EXE.INTERMEDIATE.MANIFEST
C:\USERS\USER\DESKTOP\AFEKA\שנה ג\סמסטר א\NET\PROJECTSNET\HW2_LIRANNAGAR\HW2_LIRANNAGAR\DEBUG\HW2_LIRANNAGAR.OBJ
C:\USERS\USER\DESKTOP\AFEKA\שנה ג\סמסטר א\NET\PROJECTSNET\HW2_LIRANNAGAR\HW2_LIRANNAGAR\DEBUG\VC100.PDB
C:\USERS\USER\DESKTOP\AFEKA\שנה ג\סמסטר א\מבוא לתכנות מערכות\מטלה 2 - 2.1.18\HW2_LIRANNAGAR\DEBUG\HW2_LIRANNAGAR.EXE
C:\USERS\USER\DESKTOP\AFEKA\שנה ג\סמסטר א\מבוא לתכנות מערכות\מטלה 2 - 2.1.18\HW2_LIRANNAGAR\DEBUG\HW2_LIRANNAGAR.ILK
C:\USERS\USER\DESKTOP\AFEKA\שנה ג\סמסטר א\מבוא לתכנות מערכות\מטלה 2 - 2.1.18\HW2_LIRANNAGAR\DEBUG\HW2_LIRANNAGAR.PDB
C:\Users\USER\Desktop\Afeka\שנה ג\סמסטר א\מבוא לתכנות מערכות\מטלה 2 - 2.1.18\HW2_LiranNagar\HW2_LiranNagar\Debug\cl.command.1.tlog
C:\Users\USER\Desktop\Afeka\שנה ג\סמסטר א\מבוא לתכנות מערכות\מטלה 2 - 2.1.18\HW2_LiranNagar\HW2_LiranNagar\Debug\CL.read.1.tlog
C:\Users\USER\Desktop\Afeka\שנה ג\סמסטר א\מבוא לתכנות מערכות\מטלה 2 - 2.1.18\HW2_LiranNagar\HW2_LiranNagar\Debug\CL.write.1.tlog
C:\USERS\USER\DESKTOP\AFEKA\שנה ג\סמסטר א\מבוא לתכנות מערכות\מטלה 2 - 2.1.18\HW2_LIRANNAGAR\HW2_LIRANNAGAR\DEBUG\FUNCTIONS.OBJ
C:\USERS\USER\DESKTOP\AFEKA\שנה ג\סמסטר א\מבוא לתכנות מערכות\מטלה 2 - 2.1.18\HW2_LIRANNAGAR\HW2_LIRANNAGAR\DEBUG\HW2_LIRANNAGAR.EXE.INTERMEDIATE.MANIFEST
C:\USERS\USER\DESKTOP\AFEKA\שנה ג\סמסטר א\מבוא לתכנות מערכות\מטלה 2 - 2.1.18\HW2_LIRANNAGAR\HW2_LIRANNAGAR\DEBUG\HW2_LIRANNAGAR.OBJ
C:\Users\USER\Desktop\Afeka\שנה ג\סמסטר א\מבוא לתכנות מערכות\מטלה 2 - 2.1.18\HW2_LiranNagar\HW2_LiranNagar\Debug\HW2_LiranNagar.vcxprojResolveAssemblyReference.cache
C:\Users\USER\Desktop\Afeka\שנה ג\סמסטר א\מבוא לתכנות מערכות\מטלה 2 - 2.1.18\HW2_LiranNagar\HW2_LiranNagar\Debug\HW2_LiranNagar.write.1.tlog
C:\Users\USER\Desktop\Afeka\שנה ג\סמסטר א\מבוא לתכנות מערכות\מטלה 2 - 2.1.18\HW2_LiranNagar\HW2_LiranNagar\Debug\link.command.1.tlog
C:\Users\USER\Desktop\Afeka\שנה ג\סמסטר א\מבוא לתכנות מערכות\מטלה 2 - 2.1.18\HW2_LiranNagar\HW2_LiranNagar\Debug\link.read.1.tlog
C:\Users\USER\Desktop\Afeka\שנה ג\סמסטר א\מבוא לתכנות מערכות\מטלה 2 - 2.1.18\HW2_LiranNagar\HW2_LiranNagar\Debug\link.write.1.tlog
C:\Users\USER\Desktop\Afeka\שנה ג\סמסטר א\מבוא לתכנות מערכות\מטלה 2 - 2.1.18\HW2_LiranNagar\HW2_LiranNagar\Debug\mt.command.1.tlog
C:\Users\USER\Desktop\Afeka\שנה ג\סמסטר א\מבוא לתכנות מערכות\מטלה 2 - 2.1.18\HW2_LiranNagar\HW2_LiranNagar\Debug\mt.read.1.tlog
C:\Users\USER\Desktop\Afeka\שנה ג\סמסטר א\מבוא לתכנות מערכות\מטלה 2 - 2.1.18\HW2_LiranNagar\HW2_LiranNagar\Debug\mt.write.1.tlog
C:\USERS\USER\DESKTOP\AFEKA\שנה ג\סמסטר א\מבוא לתכנות מערכות\מטלה 2 - 2.1.18\HW2_LIRANNAGAR\HW2_LIRANNAGAR\DEBUG\TEST.OBJ
C:\Users\USER\Desktop\Afeka\שנה ג\סמסטר א\מבוא לתכנות מערכות\מטלה 2 - 2.1.18\HW2_LiranNagar\HW2_LiranNagar\Debug\vc100.idb
C:\USERS\USER\DESKTOP\AFEKA\שנה ג\סמסטר א\מבוא לתכנות מערכות\מטלה 2 - 2.1.18\HW2_LIRANNAGAR\HW2_LIRANNAGAR\DEBUG\VC100.PDB
